<?xml version="1.0" encoding="UTF-8"?>
<testng-results ignored="0" total="1" passed="1" failed="0" skipped="0">
  <reporter-output>
  </reporter-output>
  <suite started-at="2024-07-05T17:14:45 IST" name="Default suite" finished-at="2024-07-05T17:14:48 IST" duration-ms="2939">
    <groups>
    </groups>
    <test started-at="2024-07-05T17:14:45 IST" name="Default test" finished-at="2024-07-05T17:14:48 IST" duration-ms="2939">
      <class name="com.APITesting.ProjectPutPatchAndDelete">
        <test-method signature="DELETERequest()[pri:0, instance:com.APITesting.ProjectPutPatchAndDelete@57a3af25]" started-at="2024-07-05T17:14:45 IST" name="DELETERequest" finished-at="2024-07-05T17:14:48 IST" duration-ms="2873" status="PASS">
          <reporter-output>
          </reporter-output>
        </test-method> <!-- DELETERequest -->
      </class> <!-- com.APITesting.ProjectPutPatchAndDelete -->
    </test> <!-- Default test -->
  </suite> <!-- Default suite -->
</testng-results>
